This file contains any messages produced by compilers while
running configure, to aid debugging if configure makes a mistake.

It was created by libvorbis configure 1.3.4, which was
generated by GNU Autoconf 2.68.  Invocation command line was

  $ ./configure 

## --------- ##
## Platform. ##
## --------- ##

hostname = ccsl2
uname -m = x86_64
uname -r = 3.2.0-4-amd64
uname -s = Linux
uname -v = #1 SMP Debian 3.2.63-2+deb7u1

/usr/bin/uname -p = unknown
/bin/uname -X     = unknown

/bin/arch              = unknown
/usr/bin/arch -k       = unknown
/usr/convex/getsysinfo = unknown
/usr/bin/hostinfo      = unknown
/bin/machine           = unknown
/usr/bin/oslevel       = unknown
/bin/universe          = unknown

PATH: /usr/local/bin
PATH: /usr/bin
PATH: /bin
PATH: /usr/local/games
PATH: /usr/games


## ----------- ##
## Core tests. ##
## ----------- ##

configure:2329: checking build system type
configure:2343: result: x86_64-unknown-linux-gnu
configure:2363: checking host system type
configure:2376: result: x86_64-unknown-linux-gnu
configure:2396: checking target system type
configure:2409: result: x86_64-unknown-linux-gnu
configure:2452: checking for a BSD-compatible install
configure:2520: result: /usr/bin/install -c
configure:2531: checking whether build environment is sane
configure:2581: result: yes
configure:2722: checking for a thread-safe mkdir -p
configure:2761: result: /bin/mkdir -p
configure:2774: checking for gawk
configure:2804: result: no
configure:2774: checking for mawk
configure:2790: found /usr/bin/mawk
configure:2801: result: mawk
configure:2812: checking whether make sets $(MAKE)
configure:2834: result: yes
configure:2915: checking whether to enable maintainer-specific portions of Makefiles
configure:2924: result: no
configure:3014: checking for gcc
configure:3030: found /usr/bin/gcc
configure:3041: result: gcc
configure:3270: checking for C compiler version
configure:3279: gcc --version >&5
gcc (Debian 4.7.2-5) 4.7.2
Copyright (C) 2012 Free Software Foundation, Inc.
This is free software; see the source for copying conditions.  There is NO
warranty; not even for MERCHANTABILITY or FITNESS FOR A PARTICULAR PURPOSE.

configure:3290: $? = 0
configure:3279: gcc -v >&5
Using built-in specs.
COLLECT_GCC=gcc
COLLECT_LTO_WRAPPER=/usr/lib/gcc/x86_64-linux-gnu/4.7/lto-wrapper
Target: x86_64-linux-gnu
Configured with: ../src/configure -v --with-pkgversion='Debian 4.7.2-5' --with-bugurl=file:///usr/share/doc/gcc-4.7/README.Bugs --enable-languages=c,c++,go,fortran,objc,obj-c++ --prefix=/usr --program-suffix=-4.7 --enable-shared --enable-linker-build-id --with-system-zlib --libexecdir=/usr/lib --without-included-gettext --enable-threads=posix --with-gxx-include-dir=/usr/include/c++/4.7 --libdir=/usr/lib --enable-nls --with-sysroot=/ --enable-clocale=gnu --enable-libstdcxx-debug --enable-libstdcxx-time=yes --enable-gnu-unique-object --enable-plugin --enable-objc-gc --with-arch-32=i586 --with-tune=generic --enable-checking=release --build=x86_64-linux-gnu --host=x86_64-linux-gnu --target=x86_64-linux-gnu
Thread model: posix
gcc version 4.7.2 (Debian 4.7.2-5) 
configure:3290: $? = 0
configure:3279: gcc -V >&5
gcc: error: unrecognized command line option '-V'
gcc: fatal error: no input files
compilation terminated.
configure:3290: $? = 4
configure:3279: gcc -qversion >&5
gcc: error: unrecognized command line option '-qversion'
gcc: fatal error: no input files
compilation terminated.
configure:3290: $? = 4
configure:3310: checking whether the C compiler works
configure:3332: gcc    conftest.c  >&5
configure:3336: $? = 0
configure:3384: result: yes
configure:3387: checking for C compiler default output file name
configure:3389: result: a.out
configure:3395: checking for suffix of executables
configure:3402: gcc -o conftest    conftest.c  >&5
configure:3406: $? = 0
configure:3428: result: 
configure:3450: checking whether we are cross compiling
configure:3458: gcc -o conftest    conftest.c  >&5
configure:3462: $? = 0
configure:3469: ./conftest
configure:3473: $? = 0
configure:3488: result: no
configure:3493: checking for suffix of object files
configure:3515: gcc -c   conftest.c >&5
configure:3519: $? = 0
configure:3540: result: o
configure:3544: checking whether we are using the GNU C compiler
configure:3563: gcc -c   conftest.c >&5
configure:3563: $? = 0
configure:3572: result: yes
configure:3581: checking whether gcc accepts -g
configure:3601: gcc -c -g  conftest.c >&5
configure:3601: $? = 0
configure:3642: result: yes
configure:3659: checking for gcc option to accept ISO C89
configure:3723: gcc  -c -g -O2  conftest.c >&5
configure:3723: $? = 0
configure:3736: result: none needed
configure:3767: checking for style of include used by make
configure:3795: result: GNU
configure:3821: checking dependency style of gcc
configure:3932: result: gcc3
configure:3952: checking how to run the C preprocessor
configure:3983: gcc -E  conftest.c
configure:3983: $? = 0
configure:3997: gcc -E  conftest.c
conftest.c:11:28: fatal error: ac_nonexistent.h: No such file or directory
compilation terminated.
configure:3997: $? = 1
configure: failed program was:
| /* confdefs.h */
| #define PACKAGE_NAME "libvorbis"
| #define PACKAGE_TARNAME "libvorbis"
| #define PACKAGE_VERSION "1.3.4"
| #define PACKAGE_STRING "libvorbis 1.3.4"
| #define PACKAGE_BUGREPORT "vorbis-dev@xiph.org"
| #define PACKAGE_URL ""
| #define PACKAGE "libvorbis"
| #define VERSION "1.3.4"
| /* end confdefs.h.  */
| #include <ac_nonexistent.h>
configure:4022: result: gcc -E
configure:4042: gcc -E  conftest.c
configure:4042: $? = 0
configure:4056: gcc -E  conftest.c
conftest.c:11:28: fatal error: ac_nonexistent.h: No such file or directory
compilation terminated.
configure:4056: $? = 1
configure: failed program was:
| /* confdefs.h */
| #define PACKAGE_NAME "libvorbis"
| #define PACKAGE_TARNAME "libvorbis"
| #define PACKAGE_VERSION "1.3.4"
| #define PACKAGE_STRING "libvorbis 1.3.4"
| #define PACKAGE_BUGREPORT "vorbis-dev@xiph.org"
| #define PACKAGE_URL ""
| #define PACKAGE "libvorbis"
| #define VERSION "1.3.4"
| /* end confdefs.h.  */
| #include <ac_nonexistent.h>
configure:4087: checking for inline
configure:4103: gcc -c   conftest.c >&5
configure:4103: $? = 0
configure:4111: result: inline
configure:4479: checking how to print strings
configure:4506: result: printf
configure:4527: checking for a sed that does not truncate output
configure:4591: result: /bin/sed
configure:4609: checking for grep that handles long lines and -e
configure:4667: result: /bin/grep
configure:4672: checking for egrep
configure:4734: result: /bin/grep -E
configure:4739: checking for fgrep
configure:4801: result: /bin/grep -F
configure:4836: checking for ld used by gcc
configure:4903: result: /usr/bin/ld
configure:4910: checking if the linker (/usr/bin/ld) is GNU ld
configure:4925: result: yes
configure:4937: checking for BSD- or MS-compatible name lister (nm)
configure:4986: result: /usr/bin/nm -B
configure:5116: checking the name lister (/usr/bin/nm -B) interface
configure:5123: gcc -c   conftest.c >&5
configure:5126: /usr/bin/nm -B "conftest.o"
configure:5129: output
0000000000000000 B some_variable
configure:5136: result: BSD nm
configure:5139: checking whether ln -s works
configure:5143: result: yes
configure:5151: checking the maximum length of command line arguments
configure:5281: result: 1572864
configure:5298: checking whether the shell understands some XSI constructs
configure:5308: result: yes
configure:5312: checking whether the shell understands "+="
configure:5318: result: yes
configure:5353: checking how to convert x86_64-unknown-linux-gnu file names to x86_64-unknown-linux-gnu format
configure:5393: result: func_convert_file_noop
configure:5400: checking how to convert x86_64-unknown-linux-gnu file names to toolchain format
configure:5420: result: func_convert_file_noop
configure:5427: checking for /usr/bin/ld option to reload object files
configure:5434: result: -r
configure:5508: checking for objdump
configure:5535: result: objdump
configure:5564: checking how to recognize dependent libraries
configure:5766: result: pass_all
configure:5851: checking for dlltool
configure:5878: result: dlltool
configure:5908: checking how to associate runtime and link libraries
configure:5935: result: printf %s\n
configure:5995: checking for ar
configure:6011: found /usr/bin/ar
configure:6022: result: ar
configure:6059: checking for archiver @FILE support
configure:6076: gcc -c   conftest.c >&5
configure:6076: $? = 0
configure:6079: ar cru libconftest.a @conftest.lst >&5
configure:6082: $? = 0
configure:6087: ar cru libconftest.a @conftest.lst >&5
ar: conftest.o: No such file or directory
configure:6090: $? = 1
configure:6102: result: @
configure:6160: checking for strip
configure:6176: found /usr/bin/strip
configure:6187: result: strip
configure:6259: checking for ranlib
configure:6275: found /usr/bin/ranlib
configure:6286: result: ranlib
configure:6388: checking command to parse /usr/bin/nm -B output from gcc object
configure:6508: gcc -c   conftest.c >&5
configure:6511: $? = 0
configure:6515: /usr/bin/nm -B conftest.o \| sed -n -e 's/^.*[ ]\([ABCDGIRSTW][ABCDGIRSTW]*\)[ ][ ]*\([_A-Za-z][_A-Za-z0-9]*\)$/\1 \2 \2/p' | sed '/ __gnu_lto/d' \> conftest.nm
configure:6518: $? = 0
configure:6584: gcc -o conftest    conftest.c conftstm.o >&5
configure:6587: $? = 0
configure:6625: result: ok
configure:6662: checking for sysroot
configure:6692: result: no
configure:6769: gcc -c   conftest.c >&5
configure:6772: $? = 0
configure:6948: checking for mt
configure:6964: found /bin/mt
configure:6975: result: mt
configure:6998: checking if mt is a manifest tool
configure:7004: mt '-?'
configure:7012: result: no
configure:7650: checking for ANSI C header files
configure:7670: gcc -c   conftest.c >&5
configure:7670: $? = 0
configure:7743: gcc -o conftest    conftest.c  >&5
configure:7743: $? = 0
configure:7743: ./conftest
configure:7743: $? = 0
configure:7754: result: yes
configure:7767: checking for sys/types.h
configure:7767: gcc -c   conftest.c >&5
configure:7767: $? = 0
configure:7767: result: yes
configure:7767: checking for sys/stat.h
configure:7767: gcc -c   conftest.c >&5
configure:7767: $? = 0
configure:7767: result: yes
configure:7767: checking for stdlib.h
configure:7767: gcc -c   conftest.c >&5
configure:7767: $? = 0
configure:7767: result: yes
configure:7767: checking for string.h
configure:7767: gcc -c   conftest.c >&5
configure:7767: $? = 0
configure:7767: result: yes
configure:7767: checking for memory.h
configure:7767: gcc -c   conftest.c >&5
configure:7767: $? = 0
configure:7767: result: yes
configure:7767: checking for strings.h
configure:7767: gcc -c   conftest.c >&5
configure:7767: $? = 0
configure:7767: result: yes
configure:7767: checking for inttypes.h
configure:7767: gcc -c   conftest.c >&5
configure:7767: $? = 0
configure:7767: result: yes
configure:7767: checking for stdint.h
configure:7767: gcc -c   conftest.c >&5
configure:7767: $? = 0
configure:7767: result: yes
configure:7767: checking for unistd.h
configure:7767: gcc -c   conftest.c >&5
configure:7767: $? = 0
configure:7767: result: yes
configure:7781: checking for dlfcn.h
configure:7781: gcc -c   conftest.c >&5
configure:7781: $? = 0
configure:7781: result: yes
configure:7985: checking for objdir
configure:8000: result: .libs
configure:8267: checking if gcc supports -fno-rtti -fno-exceptions
configure:8285: gcc -c   -fno-rtti -fno-exceptions conftest.c >&5
cc1: warning: command line option '-fno-rtti' is valid for C++/ObjC++ but not for C [enabled by default]
configure:8289: $? = 0
configure:8302: result: no
configure:8629: checking for gcc option to produce PIC
configure:8636: result: -fPIC -DPIC
configure:8644: checking if gcc PIC flag -fPIC -DPIC works
configure:8662: gcc -c   -fPIC -DPIC -DPIC conftest.c >&5
configure:8666: $? = 0
configure:8679: result: yes
configure:8708: checking if gcc static flag -static works
configure:8736: result: yes
configure:8751: checking if gcc supports -c -o file.o
configure:8772: gcc -c   -o out/conftest2.o conftest.c >&5
configure:8776: $? = 0
configure:8798: result: yes
configure:8806: checking if gcc supports -c -o file.o
configure:8853: result: yes
configure:8886: checking whether the gcc linker (/usr/bin/ld -m elf_x86_64) supports shared libraries
configure:10039: result: yes
configure:10076: checking whether -lc should be explicitly linked in
configure:10084: gcc -c   conftest.c >&5
configure:10087: $? = 0
configure:10102: gcc -shared  -fPIC -DPIC conftest.o  -v -Wl,-soname -Wl,conftest -o conftest 2\>\&1 \| /bin/grep  -lc  \>/dev/null 2\>\&1
configure:10105: $? = 0
configure:10119: result: no
configure:10279: checking dynamic linker characteristics
configure:10790: gcc -o conftest    -Wl,-rpath -Wl,/foo conftest.c  >&5
configure:10790: $? = 0
configure:11016: result: GNU/Linux ld.so
configure:11123: checking how to hardcode library paths into programs
configure:11148: result: immediate
configure:11688: checking whether stripping libraries is possible
configure:11693: result: yes
configure:11728: checking if libtool supports shared libraries
configure:11730: result: yes
configure:11733: checking whether to build shared libraries
configure:11754: result: yes
configure:11757: checking whether to build static libraries
configure:11761: result: yes
configure:11799: checking whether gcc and cc understand -c and -o together
configure:11830: gcc -c conftest.c -o conftest2.o >&5
configure:11834: $? = 0
configure:11840: gcc -c conftest.c -o conftest2.o >&5
configure:11844: $? = 0
configure:11855: cc -c conftest.c >&5
configure:11859: $? = 0
configure:11867: cc -c conftest.c -o conftest2.o >&5
configure:11871: $? = 0
configure:11877: cc -c conftest.c -o conftest2.o >&5
configure:11881: $? = 0
configure:11899: result: yes
configure:12127: checking GCC version
configure:12130: result: 4.7
configure:12271: checking if gcc accepts -Wdeclaration-after-statement
configure:12286: gcc -o conftest -O20 -Wall -Wextra -ffast-math -D_REENTRANT -fsigned-char -Wdeclaration-after-statement   conftest.c  >&5
configure:12286: $? = 0
configure:12287: result: yes
configure:12301: checking for memory.h
configure:12301: result: yes
configure:12313: checking for cos in -lm
configure:12338: gcc -o conftest -O20 -Wall -Wextra -ffast-math -D_REENTRANT -fsigned-char -Wdeclaration-after-statement  -DUSE_MEMORY_H   conftest.c -lm   >&5
conftest.c:30:6: warning: conflicting types for built-in function 'cos' [enabled by default]
configure:12338: $? = 0
configure:12347: result: yes
configure:12355: checking for pthread_create in -lpthread
configure:12380: gcc -o conftest -O20 -Wall -Wextra -ffast-math -D_REENTRANT -fsigned-char -Wdeclaration-after-statement  -DUSE_MEMORY_H   conftest.c -lpthread   >&5
configure:12380: $? = 0
configure:12389: result: yes
configure:12447: checking for pkg-config
configure:12465: found /usr/bin/pkg-config
configure:12477: result: /usr/bin/pkg-config
configure:12502: checking pkg-config is at least version 0.9.0
configure:12505: result: yes
configure:12520: checking for OGG
configure:12528: $PKG_CONFIG --exists --print-errors "ogg >= 1.0"
configure:12531: $? = 0
configure:12546: $PKG_CONFIG --exists --print-errors "ogg >= 1.0"
configure:12549: $? = 0
configure:12585: result: yes
configure:12768: checking for size_t
configure:12768: gcc -c -O20 -Wall -Wextra -ffast-math -D_REENTRANT -fsigned-char -Wdeclaration-after-statement  -DUSE_MEMORY_H  conftest.c >&5
configure:12768: $? = 0
configure:12768: gcc -c -O20 -Wall -Wextra -ffast-math -D_REENTRANT -fsigned-char -Wdeclaration-after-statement  -DUSE_MEMORY_H  conftest.c >&5
conftest.c: In function 'main':
conftest.c:59:21: error: expected expression before ')' token
configure:12768: $? = 1
configure: failed program was:
| /* confdefs.h */
| #define PACKAGE_NAME "libvorbis"
| #define PACKAGE_TARNAME "libvorbis"
| #define PACKAGE_VERSION "1.3.4"
| #define PACKAGE_STRING "libvorbis 1.3.4"
| #define PACKAGE_BUGREPORT "vorbis-dev@xiph.org"
| #define PACKAGE_URL ""
| #define PACKAGE "libvorbis"
| #define VERSION "1.3.4"
| #define STDC_HEADERS 1
| #define HAVE_SYS_TYPES_H 1
| #define HAVE_SYS_STAT_H 1
| #define HAVE_STDLIB_H 1
| #define HAVE_STRING_H 1
| #define HAVE_MEMORY_H 1
| #define HAVE_STRINGS_H 1
| #define HAVE_INTTYPES_H 1
| #define HAVE_STDINT_H 1
| #define HAVE_UNISTD_H 1
| #define HAVE_DLFCN_H 1
| #define LT_OBJDIR ".libs/"
| /* end confdefs.h.  */
| #include <stdio.h>
| #ifdef HAVE_SYS_TYPES_H
| # include <sys/types.h>
| #endif
| #ifdef HAVE_SYS_STAT_H
| # include <sys/stat.h>
| #endif
| #ifdef STDC_HEADERS
| # include <stdlib.h>
| # include <stddef.h>
| #else
| # ifdef HAVE_STDLIB_H
| #  include <stdlib.h>
| # endif
| #endif
| #ifdef HAVE_STRING_H
| # if !defined STDC_HEADERS && defined HAVE_MEMORY_H
| #  include <memory.h>
| # endif
| # include <string.h>
| #endif
| #ifdef HAVE_STRINGS_H
| # include <strings.h>
| #endif
| #ifdef HAVE_INTTYPES_H
| # include <inttypes.h>
| #endif
| #ifdef HAVE_STDINT_H
| # include <stdint.h>
| #endif
| #ifdef HAVE_UNISTD_H
| # include <unistd.h>
| #endif
| int
| main ()
| {
| if (sizeof ((size_t)))
| 	    return 0;
|   ;
|   return 0;
| }
configure:12768: result: yes
configure:12781: checking for working alloca.h
configure:12798: gcc -o conftest -O20 -Wall -Wextra -ffast-math -D_REENTRANT -fsigned-char -Wdeclaration-after-statement  -DUSE_MEMORY_H   conftest.c  >&5
configure:12798: $? = 0
configure:12806: result: yes
configure:12814: checking for alloca
configure:12851: gcc -o conftest -O20 -Wall -Wextra -ffast-math -D_REENTRANT -fsigned-char -Wdeclaration-after-statement  -DUSE_MEMORY_H   conftest.c  >&5
configure:12851: $? = 0
configure:12859: result: yes
configure:12968: checking for working memcmp
configure:13011: gcc -o conftest -O20 -Wall -Wextra -ffast-math -D_REENTRANT -fsigned-char -Wdeclaration-after-statement  -DUSE_MEMORY_H   conftest.c  >&5
configure:13011: $? = 0
configure:13011: ./conftest
configure:13011: $? = 0
configure:13021: result: yes
configure:13190: creating ./config.status

## ---------------------- ##
## Running config.status. ##
## ---------------------- ##

This file was extended by libvorbis config.status 1.3.4, which was
generated by GNU Autoconf 2.68.  Invocation command line was

  CONFIG_FILES    = 
  CONFIG_HEADERS  = 
  CONFIG_LINKS    = 
  CONFIG_COMMANDS = 
  $ ./config.status 

on ccsl2

config.status:1151: creating Makefile
config.status:1151: creating m4/Makefile
config.status:1151: creating lib/Makefile
config.status:1151: creating lib/modes/Makefile
config.status:1151: creating lib/books/Makefile
config.status:1151: creating lib/books/coupled/Makefile
config.status:1151: creating lib/books/uncoupled/Makefile
config.status:1151: creating lib/books/floor/Makefile
config.status:1151: creating doc/Makefile
config.status:1151: creating doc/vorbisfile/Makefile
config.status:1151: creating doc/vorbisenc/Makefile
config.status:1151: creating doc/libvorbis/Makefile
config.status:1151: creating doc/Doxyfile
config.status:1151: creating include/Makefile
config.status:1151: creating include/vorbis/Makefile
config.status:1151: creating examples/Makefile
config.status:1151: creating test/Makefile
config.status:1151: creating vq/Makefile
config.status:1151: creating libvorbis.spec
config.status:1151: creating vorbis.pc
config.status:1151: creating vorbisenc.pc
config.status:1151: creating vorbisfile.pc
config.status:1151: creating vorbis-uninstalled.pc
config.status:1151: creating vorbisenc-uninstalled.pc
config.status:1151: creating vorbisfile-uninstalled.pc
config.status:1151: creating config.h
config.status:1380: executing depfiles commands
config.status:1380: executing libtool commands

## ---------------- ##
## Cache variables. ##
## ---------------- ##

ac_cv_build=x86_64-unknown-linux-gnu
ac_cv_c_compiler_gnu=yes
ac_cv_c_inline=inline
ac_cv_env_CC_set=
ac_cv_env_CC_value=
ac_cv_env_CFLAGS_set=
ac_cv_env_CFLAGS_value=
ac_cv_env_CPPFLAGS_set=
ac_cv_env_CPPFLAGS_value=
ac_cv_env_CPP_set=
ac_cv_env_CPP_value=
ac_cv_env_LDFLAGS_set=
ac_cv_env_LDFLAGS_value=
ac_cv_env_LIBS_set=
ac_cv_env_LIBS_value=
ac_cv_env_OGG_CFLAGS_set=
ac_cv_env_OGG_CFLAGS_value=
ac_cv_env_OGG_LIBS_set=
ac_cv_env_OGG_LIBS_value=
ac_cv_env_PKG_CONFIG_set=
ac_cv_env_PKG_CONFIG_value=
ac_cv_env_build_alias_set=
ac_cv_env_build_alias_value=
ac_cv_env_host_alias_set=
ac_cv_env_host_alias_value=
ac_cv_env_target_alias_set=
ac_cv_env_target_alias_value=
ac_cv_func_alloca_works=yes
ac_cv_func_memcmp_working=yes
ac_cv_header_dlfcn_h=yes
ac_cv_header_inttypes_h=yes
ac_cv_header_memory_h=yes
ac_cv_header_stdc=yes
ac_cv_header_stdint_h=yes
ac_cv_header_stdlib_h=yes
ac_cv_header_string_h=yes
ac_cv_header_strings_h=yes
ac_cv_header_sys_stat_h=yes
ac_cv_header_sys_types_h=yes
ac_cv_header_unistd_h=yes
ac_cv_host=x86_64-unknown-linux-gnu
ac_cv_lib_m_cos=yes
ac_cv_lib_pthread_pthread_create=yes
ac_cv_objext=o
ac_cv_path_EGREP='/bin/grep -E'
ac_cv_path_FGREP='/bin/grep -F'
ac_cv_path_GREP=/bin/grep
ac_cv_path_SED=/bin/sed
ac_cv_path_ac_pt_PKG_CONFIG=/usr/bin/pkg-config
ac_cv_path_install='/usr/bin/install -c'
ac_cv_path_mkdir=/bin/mkdir
ac_cv_prog_AWK=mawk
ac_cv_prog_CPP='gcc -E'
ac_cv_prog_ac_ct_AR=ar
ac_cv_prog_ac_ct_CC=gcc
ac_cv_prog_ac_ct_DLLTOOL=dlltool
ac_cv_prog_ac_ct_MANIFEST_TOOL=mt
ac_cv_prog_ac_ct_OBJDUMP=objdump
ac_cv_prog_ac_ct_RANLIB=ranlib
ac_cv_prog_ac_ct_STRIP=strip
ac_cv_prog_cc_c89=
ac_cv_prog_cc_g=yes
ac_cv_prog_cc_gcc_c_o=yes
ac_cv_prog_make_make_set=yes
ac_cv_target=x86_64-unknown-linux-gnu
ac_cv_type_size_t=yes
ac_cv_working_alloca_h=yes
am_cv_CC_dependencies_compiler_type=gcc3
lt_cv_ar_at_file=@
lt_cv_archive_cmds_need_lc=no
lt_cv_deplibs_check_method=pass_all
lt_cv_file_magic_cmd='$MAGIC_CMD'
lt_cv_file_magic_test_file=
lt_cv_ld_reload_flag=-r
lt_cv_nm_interface='BSD nm'
lt_cv_objdir=.libs
lt_cv_path_LD=/usr/bin/ld
lt_cv_path_NM='/usr/bin/nm -B'
lt_cv_path_mainfest_tool=no
lt_cv_prog_compiler_c_o=yes
lt_cv_prog_compiler_pic='-fPIC -DPIC'
lt_cv_prog_compiler_pic_works=yes
lt_cv_prog_compiler_rtti_exceptions=no
lt_cv_prog_compiler_static_works=yes
lt_cv_prog_gnu_ld=yes
lt_cv_sharedlib_from_linklib_cmd='printf %s\n'
lt_cv_shlibpath_overrides_runpath=no
lt_cv_sys_global_symbol_pipe='sed -n -e '\''s/^.*[	 ]\([ABCDGIRSTW][ABCDGIRSTW]*\)[	 ][	 ]*\([_A-Za-z][_A-Za-z0-9]*\)$/\1 \2 \2/p'\'' | sed '\''/ __gnu_lto/d'\'''
lt_cv_sys_global_symbol_to_c_name_address='sed -n -e '\''s/^: \([^ ]*\)[ ]*$/  {\"\1\", (void *) 0},/p'\'' -e '\''s/^[ABCDGIRSTW]* \([^ ]*\) \([^ ]*\)$/  {"\2", (void *) \&\2},/p'\'''
lt_cv_sys_global_symbol_to_c_name_address_lib_prefix='sed -n -e '\''s/^: \([^ ]*\)[ ]*$/  {\"\1\", (void *) 0},/p'\'' -e '\''s/^[ABCDGIRSTW]* \([^ ]*\) \(lib[^ ]*\)$/  {"\2", (void *) \&\2},/p'\'' -e '\''s/^[ABCDGIRSTW]* \([^ ]*\) \([^ ]*\)$/  {"lib\2", (void *) \&\2},/p'\'''
lt_cv_sys_global_symbol_to_cdecl='sed -n -e '\''s/^T .* \(.*\)$/extern int \1();/p'\'' -e '\''s/^[ABCDGIRSTW]* .* \(.*\)$/extern char \1;/p'\'''
lt_cv_sys_max_cmd_len=1572864
lt_cv_to_host_file_cmd=func_convert_file_noop
lt_cv_to_tool_file_cmd=func_convert_file_noop
pkg_cv_OGG_CFLAGS='-I/usr/local/include  '
pkg_cv_OGG_LIBS='-L/usr/local/lib -logg  '

## ----------------- ##
## Output variables. ##
## ----------------- ##

ACLOCAL='${SHELL} /home/ccsl/Development/bazingatesting/ogg/libvorbis-1.3.4/missing --run aclocal-1.11'
ACLOCAL_AMFLAGS='-I m4'
ALLOCA=''
AMDEPBACKSLASH='\'
AMDEP_FALSE='#'
AMDEP_TRUE=''
AMTAR='$${TAR-tar}'
AR='ar'
AS='as'
AUTOCONF='${SHELL} /home/ccsl/Development/bazingatesting/ogg/libvorbis-1.3.4/missing --run autoconf'
AUTOHEADER='${SHELL} /home/ccsl/Development/bazingatesting/ogg/libvorbis-1.3.4/missing --run autoheader'
AUTOMAKE='${SHELL} /home/ccsl/Development/bazingatesting/ogg/libvorbis-1.3.4/missing --run automake-1.11'
AWK='mawk'
BUILD_DOCS_FALSE=''
BUILD_DOCS_TRUE='#'
BUILD_EXAMPLES_FALSE=''
BUILD_EXAMPLES_TRUE='#'
CC='gcc'
CCDEPMODE='depmode=gcc3'
CFLAGS='-O20 -Wall -Wextra -ffast-math -D_REENTRANT -fsigned-char -Wdeclaration-after-statement  -DUSE_MEMORY_H'
CPP='gcc -E'
CPPFLAGS=''
CYGPATH_W='echo'
DEBUG='-g -Wall -Wextra -D_REENTRANT -D__NO_MATH_INLINES -fsigned-char'
DEFS='-DHAVE_CONFIG_H'
DEPDIR='.deps'
DLLTOOL='dlltool'
DSYMUTIL=''
DUMPBIN=''
ECHO_C=''
ECHO_N='-n'
ECHO_T=''
EGREP='/bin/grep -E'
EXEEXT=''
FGREP='/bin/grep -F'
GREP='/bin/grep'
HAVE_DOXYGEN='false'
HAVE_DOXYGEN_FALSE=''
HAVE_DOXYGEN_TRUE='#'
HTLATEX=''
INSTALL_DATA='${INSTALL} -m 644'
INSTALL_PROGRAM='${INSTALL}'
INSTALL_SCRIPT='${INSTALL}'
INSTALL_STRIP_PROGRAM='$(install_sh) -c -s'
LD='/usr/bin/ld -m elf_x86_64'
LDFLAGS=''
LIBOBJS=''
LIBS=''
LIBTOOL='$(SHELL) $(top_builddir)/libtool'
LIBTOOL_DEPS='./ltmain.sh'
LIPO=''
LN_S='ln -s'
LTLIBOBJS=''
MAINT='#'
MAINTAINER_MODE_FALSE=''
MAINTAINER_MODE_TRUE='#'
MAKEINFO='${SHELL} /home/ccsl/Development/bazingatesting/ogg/libvorbis-1.3.4/missing --run makeinfo'
MANIFEST_TOOL=':'
MKDIR_P='/bin/mkdir -p'
NM='/usr/bin/nm -B'
NMEDIT=''
OBJDUMP='objdump'
OBJEXT='o'
OGG_CFLAGS='-I/usr/local/include  '
OGG_LIBS='-L/usr/local/lib -logg  '
OTOOL64=''
OTOOL=''
PACKAGE='libvorbis'
PACKAGE_BUGREPORT='vorbis-dev@xiph.org'
PACKAGE_NAME='libvorbis'
PACKAGE_STRING='libvorbis 1.3.4'
PACKAGE_TARNAME='libvorbis'
PACKAGE_URL=''
PACKAGE_VERSION='1.3.4'
PATH_SEPARATOR=':'
PDFLATEX=''
PKG_CONFIG='/usr/bin/pkg-config'
PROFILE='-pg -g -O20 -ffast-math -D_REENTRANT -fsigned-char'
RANLIB='ranlib'
SED='/bin/sed'
SET_MAKE=''
SHELL='/bin/bash'
STRIP='strip'
VERSION='1.3.4'
VE_LIB_AGE='0'
VE_LIB_CURRENT='2'
VE_LIB_REVISION='10'
VF_LIB_AGE='3'
VF_LIB_CURRENT='6'
VF_LIB_REVISION='6'
VORBIS_LIBS='-lm'
V_LIB_AGE='4'
V_LIB_CURRENT='4'
V_LIB_REVISION='7'
ac_ct_AR='ar'
ac_ct_CC='gcc'
ac_ct_DUMPBIN=''
am__EXEEXT_FALSE=''
am__EXEEXT_TRUE='#'
am__fastdepCC_FALSE='#'
am__fastdepCC_TRUE=''
am__include='include'
am__isrc=''
am__leading_dot='.'
am__nodep='_no'
am__quote=''
am__tar='$${TAR-tar} chof - "$$tardir"'
am__untar='$${TAR-tar} xf -'
bindir='${exec_prefix}/bin'
build='x86_64-unknown-linux-gnu'
build_alias=''
build_cpu='x86_64'
build_os='linux-gnu'
build_vendor='unknown'
datadir='${datarootdir}'
datarootdir='${prefix}/share'
docdir='${datarootdir}/doc/${PACKAGE_TARNAME}'
dvidir='${docdir}'
exec_prefix='${prefix}'
host='x86_64-unknown-linux-gnu'
host_alias=''
host_cpu='x86_64'
host_os='linux-gnu'
host_vendor='unknown'
htmldir='${docdir}'
includedir='${prefix}/include'
infodir='${datarootdir}/info'
install_sh='${SHELL} /home/ccsl/Development/bazingatesting/ogg/libvorbis-1.3.4/install-sh'
libdir='${exec_prefix}/lib'
libexecdir='${exec_prefix}/libexec'
localedir='${datarootdir}/locale'
localstatedir='${prefix}/var'
mandir='${datarootdir}/man'
mkdir_p='/bin/mkdir -p'
oldincludedir='/usr/include'
pdfdir='${docdir}'
prefix='/usr/local'
program_transform_name='s,x,x,'
psdir='${docdir}'
pthread_lib='-lpthread'
sbindir='${exec_prefix}/sbin'
sharedstatedir='${prefix}/com'
sysconfdir='${prefix}/etc'
target='x86_64-unknown-linux-gnu'
target_alias=''
target_cpu='x86_64'
target_os='linux-gnu'
target_vendor='unknown'

## ----------- ##
## confdefs.h. ##
## ----------- ##

/* confdefs.h */
#define PACKAGE_NAME "libvorbis"
#define PACKAGE_TARNAME "libvorbis"
#define PACKAGE_VERSION "1.3.4"
#define PACKAGE_STRING "libvorbis 1.3.4"
#define PACKAGE_BUGREPORT "vorbis-dev@xiph.org"
#define PACKAGE_URL ""
#define PACKAGE "libvorbis"
#define VERSION "1.3.4"
#define STDC_HEADERS 1
#define HAVE_SYS_TYPES_H 1
#define HAVE_SYS_STAT_H 1
#define HAVE_STDLIB_H 1
#define HAVE_STRING_H 1
#define HAVE_MEMORY_H 1
#define HAVE_STRINGS_H 1
#define HAVE_INTTYPES_H 1
#define HAVE_STDINT_H 1
#define HAVE_UNISTD_H 1
#define HAVE_DLFCN_H 1
#define LT_OBJDIR ".libs/"
#define HAVE_ALLOCA_H 1
#define HAVE_ALLOCA 1

configure: exit 0
